09/12/2022 12:52:05 PM Inicio de ejecución del programa
09/12/2022 12:58:05 PM Se ingresaron 20 textos a la pila.
09/12/2022 12:58:13 PM Pila llena. No se pueden ingresar más textos.
09/12/2022 12:58:17 PM Pila llena. No se pueden ingresar más textos.
09/12/2022 12:58:24 PM Último elemento de la pila removido (pop).
09/12/2022 12:58:34 PM Se ingreso 1 texto a la pila.
09/12/2022 01:04:54 PM Término de ejecución del programa
09/12/2022 01:06:12 PM Inicio de ejecución del programa
09/12/2022 01:06:32 PM Se ingresaron 3 textos a la pila.
09/12/2022 01:06:34 PM Término de ejecución del programa
09/12/2022 01:06:39 PM Inicio de ejecución del programa
09/12/2022 01:06:49 PM Se imprime la totalidad de la pila.
09/12/2022 01:07:50 PM Término de ejecución del programa
09/12/2022 01:08:46 PM Inicio de ejecución del programa
09/12/2022 01:09:05 PM Se ingresaron 2 textos a la pila.
09/12/2022 01:09:16 PM Se imprime la totalidad de la pila.
09/12/2022 01:09:32 PM Se imprime el elemento 2 de la pila
09/12/2022 01:09:37 PM Término de ejecución del programa
09/12/2022 01:11:54 PM Inicio de ejecución del programa
09/12/2022 01:12:05 PM Se ingresaron 2 textos a la pila.
09/12/2022 01:12:15 PM Se ingresaron 2 textos a la pila.
09/12/2022 01:12:23 PM Último elemento de la pila removido (pop).
09/12/2022 01:12:28 PM Se imprime la totalidad de la pila.
09/12/2022 01:13:42 PM Término de ejecución del programa
09/12/2022 01:15:18 PM Inicio de ejecución del programa
09/12/2022 01:15:21 PM Pila vacía. No hay textos para eliminar.
09/12/2022 01:17:10 PM Término de ejecución del programa
09/12/2022 01:18:47 PM Inicio de ejecución del programa
09/12/2022 01:18:53 PM Se ingreso 1 texto a la pila.
09/12/2022 01:18:58 PM Se ingreso 1 texto a la pila.
09/12/2022 01:19:11 PM Entrada 1: "Test1", Entrada 2: "Test2", resultado: Pos2 = Pos1.
09/12/2022 01:19:18 PM Término de ejecución del programa
09/12/2022 01:25:02 PM Inicio de ejecución del programa
09/12/2022 01:25:10 PM Se ingreso 1 texto a la pila.
09/12/2022 01:25:12 PM Se ingreso 1 texto a la pila.
09/12/2022 01:25:19 PM Se mostró solamente un texto que resulta ser el texto más corto y el más largo a la vez.
09/12/2022 01:29:46 PM Término de ejecución del programa
09/12/2022 01:30:19 PM Inicio de ejecución del programa
09/12/2022 01:30:26 PM Se ingreso 1 texto a la pila.
09/12/2022 01:30:38 PM Pila con un solo elemento. No se efectúa comparación.
09/12/2022 01:31:09 PM Pila con un solo elemento. No se efectúa comparación.
09/12/2022 01:32:15 PM Término de ejecución del programa
09/12/2022 01:32:27 PM Inicio de ejecución del programa
09/12/2022 01:32:43 PM Se ingresaron 2 textos a la pila.
09/12/2022 01:32:55 PM Posición 2 inválida
09/12/2022 01:32:56 PM Posición 2 inválida
09/12/2022 01:32:57 PM Posición 2 inválida
09/12/2022 01:32:57 PM Posición 2 inválida
09/12/2022 01:33:00 PM Entrada 1: "Test1", Entrada 2: "Test2", resultado: Pos2 = Pos1.
09/12/2022 01:33:59 PM Término de ejecución del programa
09/12/2022 01:34:05 PM Inicio de ejecución del programa
09/12/2022 01:34:16 PM Se ingresaron 2 textos a la pila.
09/12/2022 01:34:20 PM Entrada 1: "Test1", Entrada 2: "Test11", resultado: Pos2 > Pos1.
09/12/2022 01:36:40 PM Término de ejecución del programa
